<?xml version="1.0" encoding="utf-8"?><testsuites name="pytest tests"><testsuite name="pytest" errors="0" failures="0" skipped="0" tests="8" time="31.278" timestamp="2026-06-30T15:33:18.593559+00:00" hostname="agent-env-1f7e3c68-c111-4966-843b-b714a30a07ff"><testcase classname="backend.tests.test_backup_restore.TestBackupBasics" name="test_list_backups" time="0.745" /><testcase classname="backend.tests.test_backup_restore.TestBackupBasics" name="test_settings_has_required_fields" time="0.105" /><testcase classname="backend.tests.test_backup_restore.TestDynamicCollectionEnumeration" name="test_unknown_collection_appears_in_backup_without_code_change" time="2.883" /><testcase classname="backend.tests.test_backup_restore.TestFileBinaryRoundTrip" name="test_upload_backup_delete_restore_returns_same_bytes" time="8.944" /><testcase classname="backend.tests.test_backup_restore.TestRestoreVerification" name="test_corrupted_manifest_triggers_409_with_safety_backup_id" time="7.928" /><testcase classname="backend.tests.test_backup_restore.TestSafetyBackupIsComplete" name="test_safety_backup_has_version2_and_files" time="5.076" /><testcase classname="backend.tests.test_backup_restore.TestRestoreDoesNotDeleteBackups" name="test_pre_existing_backups_survive_restore" time="5.439" /><testcase classname="backend.tests.test_backup_restore.TestSingleBackupCodePath" name="test_only_one_create_backup_function" time="0.001" /></testsuite></testsuites>