<?xml version="1.0" encoding="utf-8"?><testsuites name="pytest tests"><testsuite name="pytest" errors="0" failures="0" skipped="0" tests="11" time="28.887" timestamp="2026-06-30T20:56:57.831135+00:00" hostname="agent-env-1f7e3c68-c111-4966-843b-b714a30a07ff"><testcase classname="backend.tests.test_backup_restore_v3.TestAsyncBackupResponse" name="test_post_returns_202_immediately" time="0.619" /><testcase classname="backend.tests.test_backup_restore_v3.TestBackgroundCompletion" name="test_status_transitions_to_completed" time="3.914" /><testcase classname="backend.tests.test_backup_restore_v3.TestBackgroundCompletion" name="test_download_after_completion_works" time="2.936" /><testcase classname="backend.tests.test_backup_restore_v3.TestNdjsonV3Format" name="test_bundle_is_newline_delimited_v3" time="3.046" /><testcase classname="backend.tests.test_backup_restore_v3.TestRefusedWhileInProgress" name="test_download_restore_delete_409_on_in_progress" time="0.304" /><testcase classname="backend.tests.test_backup_restore_v3.TestFileBinaryRoundTrip" name="test_upload_backup_restore_sha256_match" time="8.524" /><testcase classname="backend.tests.test_backup_restore_v3.TestRestoreStatusTracking" name="test_restore_writes_status_and_safety_backup_id" time="6.179" /><testcase classname="backend.tests.test_backup_restore_v3.TestTamperedRestoreDetected" name="test_inflated_file_count_makes_restore_fail" time="3.024" /><testcase classname="backend.tests.test_backup_restore_v3.TestDailySchedulerWiring" name="test_daily_job_awaits_run_backup_job" time="0.001" /><testcase classname="backend.tests.test_backup_restore_v3.TestRegressionSpotCheck" name="test_list_backups_has_status_field" time="0.107" /><testcase classname="backend.tests.test_backup_restore_v3.TestRegressionSpotCheck" name="test_admin_users_still_returns" time="0.099" /></testsuite></testsuites>