<?xml version="1.0" encoding="utf-8"?><testsuites name="pytest tests"><testsuite name="pytest" errors="0" failures="3" skipped="0" tests="11" time="26.862" timestamp="2026-06-30T20:53:05.179191+00:00" hostname="agent-env-1f7e3c68-c111-4966-843b-b714a30a07ff"><testcase classname="backend.tests.test_backup_restore_v3.TestAsyncBackupResponse" name="test_post_returns_202_immediately" time="0.629" /><testcase classname="backend.tests.test_backup_restore_v3.TestBackgroundCompletion" name="test_status_transitions_to_completed" time="3.694" /><testcase classname="backend.tests.test_backup_restore_v3.TestBackgroundCompletion" name="test_download_after_completion_works" time="3.060" /><testcase classname="backend.tests.test_backup_restore_v3.TestNdjsonV3Format" name="test_bundle_is_newline_delimited_v3" time="3.034" /><testcase classname="backend.tests.test_backup_restore_v3.TestRefusedWhileInProgress" name="test_download_restore_delete_409_on_in_progress" time="0.298"><failure message="AssertionError: delete: expected 409 on in_progress, got 200. Backend currently allows deleting in_progress backups.&#10;assert 200 == 409&#10; +  where 200 = &lt;Response [200]&gt;.status_code">backend/tests/test_backup_restore_v3.py:193: in test_download_restore_delete_409_on_in_progress
    assert r3.status_code == 409, (
E   AssertionError: delete: expected 409 on in_progress, got 200. Backend currently allows deleting in_progress backups.
E   assert 200 == 409
E    +  where 200 = &lt;Response [200]&gt;.status_code</failure></testcase><testcase classname="backend.tests.test_backup_restore_v3.TestFileBinaryRoundTrip" name="test_upload_backup_restore_sha256_match" time="6.790"><failure message="AssertionError: restore failed: Verification FAILED. Mismatches: [{'collection': 'bank_details', 'expected': 0, 'restored': None}, {'collection': 'kyc', 'expected': 0, 'restored': None}, {'collection': 'ledger', 'expected': 0, 'restored': None}, {'collection': 'recharges', 'expected': 0, 'restored': None}, {'collection': 'transactions', 'expected': 0, 'restored': None}, {'collection': 'wallets', 'expected': 0, 'restored': None}, {'collection': 'withdrawals', 'expected': 0, 'restored': None}]. File errors: []&#10;assert 'failed' == 'completed'&#10;  &#10;  - completed&#10;  + failed">backend/tests/test_backup_restore_v3.py:249: in test_upload_backup_restore_sha256_match
    assert final.get("restore_status") == "completed", (
E   AssertionError: restore failed: Verification FAILED. Mismatches: [{'collection': 'bank_details', 'expected': 0, 'restored': None}, {'collection': 'kyc', 'expected': 0, 'restored': None}, {'collection': 'ledger', 'expected': 0, 'restored': None}, {'collection': 'recharges', 'expected': 0, 'restored': None}, {'collection': 'transactions', 'expected': 0, 'restored': None}, {'collection': 'wallets', 'expected': 0, 'restored': None}, {'collection': 'withdrawals', 'expected': 0, 'restored': None}]. File errors: []
E   assert 'failed' == 'completed'
E     
E     - completed
E     + failed</failure></testcase><testcase classname="backend.tests.test_backup_restore_v3.TestRestoreStatusTracking" name="test_restore_writes_status_and_safety_backup_id" time="6.029"><failure message="AssertionError: assert 'failed' == 'completed'&#10;  &#10;  - completed&#10;  + failed">backend/tests/test_backup_restore_v3.py:281: in test_restore_writes_status_and_safety_backup_id
    assert final.get("restore_status") == "completed"
E   AssertionError: assert 'failed' == 'completed'
E     
E     - completed
E     + failed</failure></testcase><testcase classname="backend.tests.test_backup_restore_v3.TestTamperedRestoreDetected" name="test_inflated_file_count_makes_restore_fail" time="2.909" /><testcase classname="backend.tests.test_backup_restore_v3.TestDailySchedulerWiring" name="test_daily_job_awaits_run_backup_job" time="0.001" /><testcase classname="backend.tests.test_backup_restore_v3.TestRegressionSpotCheck" name="test_list_backups_has_status_field" time="0.103" /><testcase classname="backend.tests.test_backup_restore_v3.TestRegressionSpotCheck" name="test_admin_users_still_returns" time="0.095" /></testsuite></testsuites>