<?xml version="1.0" encoding="utf-8"?><testsuites name="pytest tests"><testsuite name="pytest" errors="0" failures="1" skipped="0" tests="27" time="84.636" timestamp="2026-07-04T16:15:09.973896+00:00" hostname="agent-env-1f7e3c68-c111-4966-843b-b714a30a07ff"><testcase classname="backend.tests.test_bank_phone_withdrawal.TestBankPhoneValidation" name="test_valid_10_digit" time="3.058" /><testcase classname="backend.tests.test_bank_phone_withdrawal.TestBankPhoneValidation" name="test_plus91_prefix_stripped" time="0.190" /><testcase classname="backend.tests.test_bank_phone_withdrawal.TestBankPhoneValidation" name="test_91_prefix_no_plus_stripped" time="0.196" /><testcase classname="backend.tests.test_bank_phone_withdrawal.TestBankPhoneValidation" name="test_invalid_phone_rejects_400[12345]" time="0.098" /><testcase classname="backend.tests.test_bank_phone_withdrawal.TestBankPhoneValidation" name="test_invalid_phone_rejects_400[123456789012345]" time="0.089" /><testcase classname="backend.tests.test_bank_phone_withdrawal.TestBankPhoneValidation" name="test_invalid_phone_rejects_400[]" time="0.104" /><testcase classname="backend.tests.test_bank_phone_withdrawal.TestBankPhoneValidation" name="test_invalid_phone_rejects_400[abc1234567]" time="0.092" /><testcase classname="backend.tests.test_bank_phone_withdrawal.TestBankPhoneValidation" name="test_invalid_phone_rejects_400[   ]" time="0.091" /><testcase classname="backend.tests.test_bank_phone_withdrawal.TestWithdrawalBankSnapshot" name="test_snapshot_frozen_after_bank_edit" time="0.725" /><testcase classname="backend.tests.test_bank_phone_withdrawal.TestWithdrawalWithoutBank" name="test_400_when_no_bank" time="0.803"><failure message="assert 'Add bank details first' in '{&quot;detail&quot;:&quot;Please complete all your bank details (including phone number) before requesting a withdrawal.&quot;}'&#10; +  where '{&quot;detail&quot;:&quot;Please complete all your bank details (including phone number) before requesting a withdrawal.&quot;}' = &lt;Response [400]&gt;.text">backend/tests/test_bank_phone_withdrawal.py:201: in test_400_when_no_bank
    assert "Add bank details first" in wr.text
E   assert 'Add bank details first' in '{"detail":"Please complete all your bank details (including phone number) before requesting a withdrawal."}'
E    +  where '{"detail":"Please complete all your bank details (including phone number) before requesting a withdrawal."}' = &lt;Response [400]&gt;.text</failure></testcase><testcase classname="backend.tests.test_bank_phone_withdrawal.TestDistributorFlow" name="test_distributor_bank_and_withdrawal" time="2.636" /><testcase classname="backend.tests.test_bank_complete_validation.TestGetBankShape" name="test_no_bank_returns_all_missing" time="1.100" /><testcase classname="backend.tests.test_bank_complete_validation.TestGetBankShape" name="test_complete_record_returns_is_complete_true" time="0.199" /><testcase classname="backend.tests.test_bank_complete_validation.TestBankSavePerFieldValidation" name="test_empty_string_rejected[account_holder-Account Holder is required]" time="0.103" /><testcase classname="backend.tests.test_bank_complete_validation.TestBankSavePerFieldValidation" name="test_empty_string_rejected[account_number-Account Number is required]" time="0.094" /><testcase classname="backend.tests.test_bank_complete_validation.TestBankSavePerFieldValidation" name="test_empty_string_rejected[ifsc-Ifsc is required]" time="0.098" /><testcase classname="backend.tests.test_bank_complete_validation.TestBankSavePerFieldValidation" name="test_empty_string_rejected[bank_name-Bank Name is required]" time="0.253" /><testcase classname="backend.tests.test_bank_complete_validation.TestBankSavePerFieldValidation" name="test_whitespace_only_rejected[account_holder]" time="0.097" /><testcase classname="backend.tests.test_bank_complete_validation.TestBankSavePerFieldValidation" name="test_whitespace_only_rejected[account_number]" time="0.112" /><testcase classname="backend.tests.test_bank_complete_validation.TestBankSavePerFieldValidation" name="test_whitespace_only_rejected[ifsc]" time="0.089" /><testcase classname="backend.tests.test_bank_complete_validation.TestBankSavePerFieldValidation" name="test_whitespace_only_rejected[bank_name]" time="0.103" /><testcase classname="backend.tests.test_bank_complete_validation.TestBankSavePerFieldValidation" name="test_empty_phone_returns_400" time="0.096" /><testcase classname="backend.tests.test_bank_complete_validation.TestBankSavePerFieldValidation" name="test_missing_phone_key_returns_422" time="0.095" /><testcase classname="backend.tests.test_bank_complete_validation.TestLegacyBankBlocksWithdrawal" name="test_legacy_record_missing_phone_blocks_withdrawal" time="0.934" /><testcase classname="backend.tests.test_bank_complete_validation.TestLegacyBankBlocksWithdrawal" name="test_legacy_record_with_all_empty_fields_blocks" time="0.842" /><testcase classname="backend.tests.test_bank_complete_validation.TestLegacyBankBlocksWithdrawal" name="test_legacy_record_invalid_phone_format_blocks" time="0.835" /><testcase classname="backend.tests.test_bank_complete_validation.TestWithdrawalSucceedsWhenComplete" name="test_full_bank_allows_withdrawal_with_phone_snapshot" time="71.333" /></testsuite></testsuites>