<?xml version="1.0" encoding="utf-8"?><testsuites name="pytest tests"><testsuite name="pytest" errors="0" failures="0" skipped="0" tests="11" time="8.830" timestamp="2026-07-04T15:05:30.141258+00:00" hostname="agent-env-1f7e3c68-c111-4966-843b-b714a30a07ff"><testcase classname="backend.tests.test_bank_phone_withdrawal.TestBankPhoneValidation" name="test_valid_10_digit" time="3.125" /><testcase classname="backend.tests.test_bank_phone_withdrawal.TestBankPhoneValidation" name="test_plus91_prefix_stripped" time="0.286" /><testcase classname="backend.tests.test_bank_phone_withdrawal.TestBankPhoneValidation" name="test_91_prefix_no_plus_stripped" time="0.200" /><testcase classname="backend.tests.test_bank_phone_withdrawal.TestBankPhoneValidation" name="test_invalid_phone_rejects_400[12345]" time="0.116" /><testcase classname="backend.tests.test_bank_phone_withdrawal.TestBankPhoneValidation" name="test_invalid_phone_rejects_400[123456789012345]" time="0.100" /><testcase classname="backend.tests.test_bank_phone_withdrawal.TestBankPhoneValidation" name="test_invalid_phone_rejects_400[]" time="0.112" /><testcase classname="backend.tests.test_bank_phone_withdrawal.TestBankPhoneValidation" name="test_invalid_phone_rejects_400[abc1234567]" time="0.098" /><testcase classname="backend.tests.test_bank_phone_withdrawal.TestBankPhoneValidation" name="test_invalid_phone_rejects_400[   ]" time="0.133" /><testcase classname="backend.tests.test_bank_phone_withdrawal.TestWithdrawalBankSnapshot" name="test_snapshot_frozen_after_bank_edit" time="0.808" /><testcase classname="backend.tests.test_bank_phone_withdrawal.TestWithdrawalWithoutBank" name="test_400_when_no_bank" time="0.782" /><testcase classname="backend.tests.test_bank_phone_withdrawal.TestDistributorFlow" name="test_distributor_bank_and_withdrawal" time="2.999" /></testsuite></testsuites>