<?xml version="1.0" encoding="utf-8"?><testsuites name="pytest tests"><testsuite name="pytest" errors="0" failures="0" skipped="0" tests="13" time="54.856" timestamp="2026-06-25T19:18:57.093251+00:00" hostname="agent-env-1f7e3c68-c111-4966-843b-b714a30a07ff"><testcase classname="backend.tests.test_billpay_tier_boundary.TestBillPayServiceChargeCalc" name="test_low_tier_charge[1-15.0]" time="1.283" /><testcase classname="backend.tests.test_billpay_tier_boundary.TestBillPayServiceChargeCalc" name="test_low_tier_charge[24999-15.0]" time="0.442" /><testcase classname="backend.tests.test_billpay_tier_boundary.TestBillPayServiceChargeCalc" name="test_low_tier_charge[25000-15.0]" time="0.743" /><testcase classname="backend.tests.test_billpay_tier_boundary.TestBillPayServiceChargeCalc" name="test_low_tier_charge[25001-15.0]" time="0.800" /><testcase classname="backend.tests.test_billpay_tier_boundary.TestBillPayServiceChargeCalc" name="test_low_tier_charge[49999-15.0]" time="0.881" /><testcase classname="backend.tests.test_billpay_tier_boundary.TestBillPayServiceChargeCalc" name="test_low_tier_charge[50000-15.0]" time="0.745" /><testcase classname="backend.tests.test_billpay_tier_boundary.TestBillPayHighTier" name="test_high_tier_charge[50001-25.0]" time="0.761" /><testcase classname="backend.tests.test_billpay_tier_boundary.TestBillPayHighTier" name="test_high_tier_charge[75000-25.0]" time="0.745" /><testcase classname="backend.tests.test_billpay_tier_boundary.TestBillPayHighTier" name="test_high_tier_charge[99999-25.0]" time="0.769" /><testcase classname="backend.tests.test_billpay_tier_boundary.TestBillPayHighTier" name="test_high_tier_charge[100000-25.0]" time="0.828" /><testcase classname="backend.tests.test_billpay_tier_boundary.TestBillPayHardCap" name="test_over_limit_blocked" time="0.324" /><testcase classname="backend.tests.test_billpay_tier_boundary.TestHistoricalTransactionsFrozen" name="test_historical_records_unchanged" time="0.105" /><testcase classname="backend.tests.test_billpay_tier_boundary.TestE2EBoundarySubmission" name="test_50000_then_50001_e2e" time="46.337" /></testsuite></testsuites>