<?xml version="1.0" encoding="utf-8"?><testsuites name="pytest tests"><testsuite name="pytest" errors="0" failures="0" skipped="0" tests="14" time="2.357" timestamp="2026-06-25T08:07:52.125462+00:00" hostname="agent-env-1f7e3c68-c111-4966-843b-b714a30a07ff"><testcase classname="backend.tests.test_distributor_withdrawal_bug.TestBaseline" name="test_admin_login" time="0.441" /><testcase classname="backend.tests.test_distributor_withdrawal_bug.TestBaseline" name="test_distributor_has_positive_earnings" time="0.378" /><testcase classname="backend.tests.test_distributor_withdrawal_bug.TestBaseline" name="test_admin_users_earnings_matches_dist_stats" time="0.100" /><testcase classname="backend.tests.test_distributor_withdrawal_bug.TestBaseline" name="test_admin_view_modal_earnings_matches" time="0.094" /><testcase classname="backend.tests.test_distributor_withdrawal_bug.TestDistributorWithdrawalFlow" name="test_a_bank_details_present" time="0.092" /><testcase classname="backend.tests.test_distributor_withdrawal_bug.TestDistributorWithdrawalFlow" name="test_b_create_withdrawal_succeeds" time="0.093" /><testcase classname="backend.tests.test_distributor_withdrawal_bug.TestDistributorWithdrawalFlow" name="test_c_no_insufficient_wallet_error" time="0.046" /><testcase classname="backend.tests.test_distributor_withdrawal_bug.TestDistributorWithdrawalFlow" name="test_d_pending_decreases_available_not_earnings" time="0.047" /><testcase classname="backend.tests.test_distributor_withdrawal_bug.TestDistributorWithdrawalFlow" name="test_e_insufficient_earnings_rejected" time="0.047" /><testcase classname="backend.tests.test_distributor_withdrawal_bug.TestDistributorWithdrawalFlow" name="test_f_admin_reject_extra_withdrawal_releases_reservation" time="0.158" /><testcase classname="backend.tests.test_distributor_withdrawal_bug.TestDistributorWithdrawalFlow" name="test_g_admin_approve_drops_earnings_everywhere" time="0.147" /><testcase classname="backend.tests.test_distributor_withdrawal_bug.TestAgentWithdrawalRegression" name="test_a_agent_wallet_positive" time="0.363" /><testcase classname="backend.tests.test_distributor_withdrawal_bug.TestAgentWithdrawalRegression" name="test_b_agent_can_withdraw_and_wallet_debits_immediately" time="0.132" /><testcase classname="backend.tests.test_distributor_withdrawal_bug.TestAgentWithdrawalRegression" name="test_c_admin_approves_agent_withdrawal" time="0.132" /></testsuite></testsuites>