<?xml version="1.0" encoding="utf-8"?><testsuites name="pytest tests"><testsuite name="pytest" errors="0" failures="0" skipped="0" tests="11" time="7.249" timestamp="2026-06-05T17:37:13.334552+00:00" hostname="agent-env-1f7e3c68-c111-4966-843b-b714a30a07ff"><testcase classname="backend.tests.test_kyc_overhaul" name="test_admin_create_agent_missing_kyc_returns_400" time="0.529" /><testcase classname="backend.tests.test_kyc_overhaul" name="test_admin_create_agent_with_kyc_creates_pending" time="0.460" /><testcase classname="backend.tests.test_kyc_overhaul" name="test_distributor_create_agent_missing_kyc_returns_400" time="0.892" /><testcase classname="backend.tests.test_kyc_overhaul" name="test_pending_agent_cannot_login" time="0.661" /><testcase classname="backend.tests.test_kyc_overhaul" name="test_approve_kyc_and_agent_can_login" time="1.553" /><testcase classname="backend.tests.test_kyc_overhaul" name="test_reject_kyc_blocks_login_with_reason" time="1.207" /><testcase classname="backend.tests.test_kyc_overhaul" name="test_admin_kyc_list_shape" time="0.125" /><testcase classname="backend.tests.test_kyc_overhaul" name="test_financial_stats_has_pending_kyc_count" time="0.225" /><testcase classname="backend.tests.test_kyc_overhaul" name="test_pre_existing_agents_are_approved" time="0.128" /><testcase classname="backend.tests.test_kyc_overhaul" name="test_agent_self_kyc_endpoints_removed" time="0.254" /><testcase classname="backend.tests.test_kyc_overhaul" name="test_distributor_created_agent_kyc_distributor_name" time="1.127" /></testsuite></testsuites>