<?xml version="1.0" encoding="utf-8"?><testsuites name="pytest tests"><testsuite name="pytest" errors="0" failures="0" skipped="0" tests="37" time="79.783" timestamp="2026-07-20T19:18:49.225658+00:00" hostname="agent-env-1f7e3c68-c111-4966-843b-b714a30a07ff"><testcase classname="backend.tests.test_master_distributor.TestAuth" name="test_md_login_returns_role" time="5.853" /><testcase classname="backend.tests.test_master_distributor.TestAuth" name="test_md_me_endpoint" time="16.749" /><testcase classname="backend.tests.test_master_distributor.TestAdminCreatesMD" name="test_create_md_with_custom_commission" time="6.748" /><testcase classname="backend.tests.test_master_distributor.TestAdminCreatesMD" name="test_create_md_default_commission" time="17.688" /><testcase classname="backend.tests.test_master_distributor.TestMDCreatesUsers" name="test_md_creates_distributor" time="0.462" /><testcase classname="backend.tests.test_master_distributor.TestMDCreatesUsers" name="test_md_creates_direct_agent" time="0.439" /><testcase classname="backend.tests.test_master_distributor.TestMDCreatesUsers" name="test_distributor_under_md_creates_agent_inherits_md_chain" time="0.888" /><testcase classname="backend.tests.test_master_distributor.TestMDPanel" name="test_md_stats_shape" time="0.110" /><testcase classname="backend.tests.test_master_distributor.TestMDPanel" name="test_md_lists_only_own_distributors" time="0.216" /><testcase classname="backend.tests.test_master_distributor.TestMDPanel" name="test_md_lists_all_downline_agents" time="0.112" /><testcase classname="backend.tests.test_master_distributor.TestMDPanel" name="test_md_recharges_readonly" time="0.369" /><testcase classname="backend.tests.test_master_distributor.TestMDAccessControl" name="test_md_cannot_hit_admin_endpoints[GET-/admin/stats]" time="0.223" /><testcase classname="backend.tests.test_master_distributor.TestMDAccessControl" name="test_md_cannot_hit_admin_endpoints[GET-/admin/stats/financial]" time="2.401" /><testcase classname="backend.tests.test_master_distributor.TestMDAccessControl" name="test_md_cannot_hit_admin_endpoints[GET-/admin/users?role=distributor]" time="0.223" /><testcase classname="backend.tests.test_master_distributor.TestMDAccessControl" name="test_md_cannot_hit_admin_endpoints[GET-/admin/master-distributors/x/downline]" time="0.173" /><testcase classname="backend.tests.test_master_distributor.TestMDAccessControl" name="test_md_cannot_hit_admin_endpoints[GET-/admin/withdrawals]" time="0.340" /><testcase classname="backend.tests.test_master_distributor.TestMDAccessControl" name="test_md_cannot_hit_admin_endpoints[GET-/admin/recharges]" time="0.236" /><testcase classname="backend.tests.test_master_distributor.TestCommissionSplitInvariant" name="test_existing_agentz_approved_recharge_snapshot" time="2.908" /><testcase classname="backend.tests.test_master_distributor.TestCommissionSplitInvariant" name="test_financial_stats_invariant_lifetime" time="0.604" /><testcase classname="backend.tests.test_master_distributor.TestCommissionSplitInvariant" name="test_admin_stats_has_total_master_distributors" time="1.046" /><testcase classname="backend.tests.test_master_distributor.TestAdminListings" name="test_admin_lists_mds" time="0.455" /><testcase classname="backend.tests.test_master_distributor.TestAdminListings" name="test_admin_lists_mds_paginated" time="0.403" /><testcase classname="backend.tests.test_master_distributor.TestAdminListings" name="test_admin_lists_distributors_created_by" time="0.413" /><testcase classname="backend.tests.test_master_distributor.TestAdminListings" name="test_admin_md_downline" time="0.636" /><testcase classname="backend.tests.test_master_distributor.TestAdminListings" name="test_admin_md_downline_404_for_bad_uid" time="0.118" /><testcase classname="backend.tests.test_master_distributor.TestPDFExport" name="test_master_distributor_pdf_export" time="2.387" /><testcase classname="backend.tests.test_master_distributor.TestPDFExport" name="test_distributor_pdf_export_still_works" time="0.490" /><testcase classname="backend.tests.test_master_distributor.TestPDFExport" name="test_agent_pdf_export_still_works" time="0.259" /><testcase classname="backend.tests.test_master_distributor.TestMDWithdrawal" name="test_md_withdrawal_full_cycle" time="1.452" /><testcase classname="backend.tests.test_master_distributor.TestMDWithdrawal" name="test_md_withdrawal_rejected_earnings_unchanged" time="1.775" /><testcase classname="backend.tests.test_master_distributor.TestMDWithdrawal" name="test_md_withdrawal_over_available_rejected" time="0.375" /><testcase classname="backend.tests.test_master_distributor.TestCommissionCascade" name="test_admin_patch_md_commission_cascades_downline" time="4.373" /><testcase classname="backend.tests.test_master_distributor.TestCommissionCascade" name="test_historical_recharges_unchanged_after_cascade" time="0.401" /><testcase classname="backend.tests.test_master_distributor.TestMDMarkupPatch" name="test_md_updates_own_distributor_markup" time="3.617" /><testcase classname="backend.tests.test_master_distributor.TestMDMarkupPatch" name="test_md_cannot_patch_non_downline_user" time="3.182" /><testcase classname="backend.tests.test_master_distributor.TestRegression" name="test_admin_created_distributor_has_no_md_chain" time="0.373" /><testcase classname="backend.tests.test_master_distributor.TestRegression" name="test_distributor_stats_unaffected" time="1.147" /></testsuite></testsuites>