<?xml version="1.0" encoding="utf-8"?><testsuites name="pytest tests"><testsuite name="pytest" errors="0" failures="0" skipped="0" tests="29" time="2.610" timestamp="2026-07-04T18:28:25.559667+00:00" hostname="agent-env-1f7e3c68-c111-4966-843b-b714a30a07ff"><testcase classname="backend.tests.test_pagination_filters" name="test_paginated_shape[/api/admin/recharges-extra0]" time="0.652" /><testcase classname="backend.tests.test_pagination_filters" name="test_paginated_shape[/api/admin/transactions-extra1]" time="0.051" /><testcase classname="backend.tests.test_pagination_filters" name="test_paginated_shape[/api/admin/withdrawals-extra2]" time="0.044" /><testcase classname="backend.tests.test_pagination_filters" name="test_paginated_shape[/api/admin/audit-logs-extra3]" time="0.047" /><testcase classname="backend.tests.test_pagination_filters" name="test_paginated_shape[/api/admin/users-extra4]" time="0.047" /><testcase classname="backend.tests.test_pagination_filters" name="test_paginated_shape[/api/admin/users-extra5]" time="0.048" /><testcase classname="backend.tests.test_pagination_filters" name="test_legacy_plain_array[/api/admin/recharges-extra0]" time="0.042" /><testcase classname="backend.tests.test_pagination_filters" name="test_legacy_plain_array[/api/admin/transactions-extra1]" time="0.044" /><testcase classname="backend.tests.test_pagination_filters" name="test_legacy_plain_array[/api/admin/withdrawals-extra2]" time="0.044" /><testcase classname="backend.tests.test_pagination_filters" name="test_legacy_plain_array[/api/admin/audit-logs-extra3]" time="0.061" /><testcase classname="backend.tests.test_pagination_filters" name="test_legacy_plain_array[/api/admin/users-extra4]" time="0.044" /><testcase classname="backend.tests.test_pagination_filters" name="test_recharges_status_filter" time="0.088" /><testcase classname="backend.tests.test_pagination_filters" name="test_recharges_page_size_bounds" time="0.091" /><testcase classname="backend.tests.test_pagination_filters" name="test_recharges_search_filter" time="0.082" /><testcase classname="backend.tests.test_pagination_filters" name="test_transactions_status_filter" time="0.083" /><testcase classname="backend.tests.test_pagination_filters" name="test_withdrawals_role_filter" time="0.045" /><testcase classname="backend.tests.test_pagination_filters" name="test_withdrawals_status_filter" time="0.047" /><testcase classname="backend.tests.test_pagination_filters" name="test_audit_search_filter" time="0.048" /><testcase classname="backend.tests.test_pagination_filters" name="test_users_search_filter" time="0.043" /><testcase classname="backend.tests.test_pagination_filters" name="test_users_role_filter" time="0.046" /><testcase classname="backend.tests.test_pagination_filters" name="test_recharges_date_range" time="0.043" /><testcase classname="backend.tests.test_pagination_filters" name="test_audit_date_range" time="0.083" /><testcase classname="backend.tests.test_pagination_filters" name="test_pagination_page_navigation" time="0.085" /><testcase classname="backend.tests.test_pagination_filters" name="test_no_ttl_indexes" time="0.079" /><testcase classname="backend.tests.test_pagination_filters" name="test_auth_required[/api/admin/recharges]" time="0.100" /><testcase classname="backend.tests.test_pagination_filters" name="test_auth_required[/api/admin/transactions]" time="0.098" /><testcase classname="backend.tests.test_pagination_filters" name="test_auth_required[/api/admin/withdrawals]" time="0.099" /><testcase classname="backend.tests.test_pagination_filters" name="test_auth_required[/api/admin/audit-logs]" time="0.131" /><testcase classname="backend.tests.test_pagination_filters" name="test_auth_required[/api/admin/users]" time="0.108" /></testsuite></testsuites>