<?xml version="1.0" encoding="utf-8"?><testsuites name="pytest tests"><testsuite name="pytest" errors="0" failures="0" skipped="0" tests="25" time="8.625" timestamp="2026-07-04T12:41:36.517074+00:00" hostname="agent-env-1f7e3c68-c111-4966-843b-b714a30a07ff"><testcase classname="test_pdf_exports.TestDistributorPdf" name="test_returns_pdf_bytes" time="0.797" /><testcase classname="test_pdf_exports.TestDistributorPdf" name="test_pdf_content_matches_admin_users" time="0.297" /><testcase classname="test_pdf_exports.TestDistributorPdf" name="test_earnings_values_match" time="0.261" /><testcase classname="test_pdf_exports.TestAgentPdf" name="test_returns_pdf_bytes" time="0.120" /><testcase classname="test_pdf_exports.TestAgentPdf" name="test_pdf_content_matches_admin_users" time="0.217" /><testcase classname="test_pdf_exports.TestAuthGuard" name="test_no_auth_returns_401" time="0.099" /><testcase classname="test_pdf_exports.TestAuthGuard" name="test_non_admin_returns_403" time="0.750" /><testcase classname="test_pdf_exports.TestAuthGuard" name="test_non_admin_agent_returns_403" time="0.106" /><testcase classname="test_pdf_exports.TestPathValidation" name="test_invalid_role_returns_404" time="0.102" /><testcase classname="test_pdf_exports.TestRupeeGlyphAndFonts" name="test_distributor_pdf_has_rupee_glyph" time="0.175" /><testcase classname="test_pdf_exports.TestRupeeGlyphAndFonts" name="test_distributor_pdf_rupee_adjacent_to_earnings" time="0.252" /><testcase classname="test_pdf_exports.TestRupeeGlyphAndFonts" name="test_agent_pdf_has_rupee_glyph" time="0.124" /><testcase classname="test_pdf_exports.TestRupeeGlyphAndFonts" name="test_agent_pdf_rupee_adjacent_to_wallet" time="0.248" /><testcase classname="test_pdf_exports.TestRupeeGlyphAndFonts" name="test_header_columns_present_distributor" time="0.123" /><testcase classname="test_pdf_exports.TestRupeeGlyphAndFonts" name="test_header_columns_present_agent" time="0.129" /><testcase classname="test_pdf_exports.TestRupeeGlyphAndFonts" name="test_header_uses_white_fill_colour_distributor" time="0.118" /><testcase classname="test_pdf_exports.TestRupeeGlyphAndFonts" name="test_header_uses_white_fill_colour_agent" time="0.118" /><testcase classname="test_pdf_exports.TestRupeeGlyphAndFonts" name="test_landscape_orientation_distributor" time="0.121" /><testcase classname="test_pdf_exports.TestRupeeGlyphAndFonts" name="test_landscape_orientation_agent" time="0.119" /><testcase classname="test_pdf_exports.TestBundledFonts" name="test_regular_ttf_exists" time="0.000" /><testcase classname="test_pdf_exports.TestBundledFonts" name="test_bold_ttf_exists" time="0.000" /><testcase classname="test_pdf_exports.TestBundledFonts" name="test_regular_has_rupee_glyph" time="0.008" /><testcase classname="test_pdf_exports.TestBundledFonts" name="test_bold_has_rupee_glyph" time="0.006" /><testcase classname="test_pdf_exports.TestIdempotentFontRegistration" name="test_three_consecutive_exports_succeed" time="0.373" /><testcase classname="test_pdf_exports.TestBackupRegression" name="test_backup_202_and_completes" time="3.820" /></testsuite></testsuites>