<?xml version="1.0" encoding="utf-8"?><testsuites name="pytest tests"><testsuite name="pytest" errors="0" failures="0" skipped="0" tests="10" time="6.420" timestamp="2026-07-04T12:23:22.842943+00:00" hostname="agent-env-1f7e3c68-c111-4966-843b-b714a30a07ff"><testcase classname="backend.tests.test_pdf_exports.TestDistributorPdf" name="test_returns_pdf_bytes" time="0.705" /><testcase classname="backend.tests.test_pdf_exports.TestDistributorPdf" name="test_pdf_content_matches_admin_users" time="0.221" /><testcase classname="backend.tests.test_pdf_exports.TestDistributorPdf" name="test_earnings_values_match" time="0.206" /><testcase classname="backend.tests.test_pdf_exports.TestAgentPdf" name="test_returns_pdf_bytes" time="0.105" /><testcase classname="backend.tests.test_pdf_exports.TestAgentPdf" name="test_pdf_content_matches_admin_users" time="0.211" /><testcase classname="backend.tests.test_pdf_exports.TestAuthGuard" name="test_no_auth_returns_401" time="0.125" /><testcase classname="backend.tests.test_pdf_exports.TestAuthGuard" name="test_non_admin_returns_403" time="0.768" /><testcase classname="backend.tests.test_pdf_exports.TestAuthGuard" name="test_non_admin_agent_returns_403" time="0.116" /><testcase classname="backend.tests.test_pdf_exports.TestPathValidation" name="test_invalid_role_returns_404" time="0.088" /><testcase classname="backend.tests.test_pdf_exports.TestBackupRegression" name="test_backup_202_and_completes" time="3.729" /></testsuite></testsuites>