<?xml version="1.0" encoding="utf-8"?><testsuites name="pytest tests"><testsuite name="pytest" errors="0" failures="0" skipped="0" tests="45" time="16.184" timestamp="2026-06-05T17:38:42.586771+00:00" hostname="agent-env-1f7e3c68-c111-4966-843b-b714a30a07ff"><testcase classname="backend.tests.test_kyc_overhaul" name="test_admin_create_agent_missing_kyc_returns_400" time="0.635" /><testcase classname="backend.tests.test_kyc_overhaul" name="test_admin_create_agent_with_kyc_creates_pending" time="0.482" /><testcase classname="backend.tests.test_kyc_overhaul" name="test_distributor_create_agent_missing_kyc_returns_400" time="0.825" /><testcase classname="backend.tests.test_kyc_overhaul" name="test_pending_agent_cannot_login" time="0.658" /><testcase classname="backend.tests.test_kyc_overhaul" name="test_approve_kyc_and_agent_can_login" time="1.449" /><testcase classname="backend.tests.test_kyc_overhaul" name="test_reject_kyc_blocks_login_with_reason" time="1.157" /><testcase classname="backend.tests.test_kyc_overhaul" name="test_admin_kyc_list_shape" time="0.147" /><testcase classname="backend.tests.test_kyc_overhaul" name="test_financial_stats_has_pending_kyc_count" time="0.234" /><testcase classname="backend.tests.test_kyc_overhaul" name="test_pre_existing_agents_are_approved" time="0.123" /><testcase classname="backend.tests.test_kyc_overhaul" name="test_agent_self_kyc_endpoints_removed" time="0.228" /><testcase classname="backend.tests.test_kyc_overhaul" name="test_distributor_created_agent_kyc_distributor_name" time="1.112" /><testcase classname="backend.tests.test_makfinpay_no_agent_code.TestAuth" name="test_login_admin_email_password_only" time="0.332" /><testcase classname="backend.tests.test_makfinpay_no_agent_code.TestAuth" name="test_login_body_without_agent_code_field" time="0.339" /><testcase classname="backend.tests.test_makfinpay_no_agent_code.TestAuth" name="test_login_wrong_password_401" time="0.332" /><testcase classname="backend.tests.test_makfinpay_no_agent_code.TestAuth" name="test_auth_me_admin_no_agent_code" time="0.101" /><testcase classname="backend.tests.test_makfinpay_no_agent_code.TestUserCreation" name="test_admin_create_distributor_without_agent_code" time="0.335" /><testcase classname="backend.tests.test_makfinpay_no_agent_code.TestUserCreation" name="test_admin_create_agent_without_agent_code" time="0.332" /><testcase classname="backend.tests.test_makfinpay_no_agent_code.TestUserCreation" name="test_admin_list_distributors_no_agent_code" time="0.120" /><testcase classname="backend.tests.test_makfinpay_no_agent_code.TestUserCreation" name="test_distributor_can_login" time="0.338" /><testcase classname="backend.tests.test_makfinpay_no_agent_code.TestUserCreation" name="test_distributor_creates_agent_without_agent_code" time="0.347" /><testcase classname="backend.tests.test_makfinpay_no_agent_code.TestUserCreation" name="test_agent_login" time="0.582" /><testcase classname="backend.tests.test_makfinpay_no_agent_code.TestRechargeAndWalletFlow" name="test_agent_create_recharge_pending" time="0.126" /><testcase classname="backend.tests.test_makfinpay_no_agent_code.TestRechargeAndWalletFlow" name="test_admin_approve_recharge_credits_wallet" time="0.183" /><testcase classname="backend.tests.test_makfinpay_no_agent_code.TestRechargeAndWalletFlow" name="test_agent_wallet_reflects_credit" time="0.241" /><testcase classname="backend.tests.test_makfinpay_no_agent_code.TestRechargeAndWalletFlow" name="test_ledger_entry_created" time="0.114" /><testcase classname="backend.tests.test_makfinpay_no_agent_code.TestRechargeAndWalletFlow" name="test_insufficient_balance_bill_payment_400" time="0.114" /><testcase classname="backend.tests.test_makfinpay_no_agent_code.TestRechargeAndWalletFlow" name="test_bill_payment_deducts_wallet" time="0.216" /><testcase classname="backend.tests.test_makfinpay_no_agent_code.TestRechargeAndWalletFlow" name="test_admin_reject_transaction_refunds" time="0.327" /><testcase classname="backend.tests.test_makfinpay_no_agent_code.TestWithdrawals" name="test_add_bank_then_withdraw" time="0.425" /><testcase classname="backend.tests.test_makfinpay_no_agent_code.TestWithdrawals" name="test_admin_reject_withdrawal_refunds" time="0.201" /><testcase classname="backend.tests.test_makfinpay_no_agent_code.TestAuditAndStats" name="test_admin_audit_logs_no_agent_code" time="0.248" /><testcase classname="backend.tests.test_makfinpay_no_agent_code.TestAuditAndStats" name="test_admin_stats_numeric_kpis" time="0.140" /><testcase classname="backend.tests.test_makfinpay_no_agent_code.TestMongoIndexes" name="test_users_indexes_no_agent_code" time="0.004" /><testcase classname="backend.tests.test_refactor_regression.TestAdminStatsFinancial" name="test_range_returns_200_and_keys[today]" time="0.580" /><testcase classname="backend.tests.test_refactor_regression.TestAdminStatsFinancial" name="test_range_returns_200_and_keys[yesterday]" time="0.102" /><testcase classname="backend.tests.test_refactor_regression.TestAdminStatsFinancial" name="test_range_returns_200_and_keys[7d]" time="0.109" /><testcase classname="backend.tests.test_refactor_regression.TestAdminStatsFinancial" name="test_range_returns_200_and_keys[30d]" time="0.109" /><testcase classname="backend.tests.test_refactor_regression.TestAdminStatsFinancial" name="test_range_returns_200_and_keys[lifetime]" time="0.108" /><testcase classname="backend.tests.test_refactor_regression.TestAdminStatsFinancial" name="test_custom_range" time="0.115" /><testcase classname="backend.tests.test_refactor_regression.TestCommissionTypeAndCreatorName" name="test_admin_creates_distributor_default" time="0.424" /><testcase classname="backend.tests.test_refactor_regression.TestCommissionTypeAndCreatorName" name="test_admin_creates_agent_creator_admin" time="0.465" /><testcase classname="backend.tests.test_refactor_regression.TestCommissionTypeAndCreatorName" name="test_distributor_login_and_create_agent_with_markup" time="0.651" /><testcase classname="backend.tests.test_refactor_regression.TestCommissionTypeAndCreatorName" name="test_distributor_listing_has_earnings_field" time="0.145" /><testcase classname="backend.tests.test_refactor_regression.TestCommissionTypeAndCreatorName" name="test_admin_distributor_agents_endpoint" time="0.149" /><testcase classname="backend.tests.test_refactor_regression.TestCommissionCascade" name="test_change_default_cascades_to_default_distributors_and_admin_agents" time="0.491" /></testsuite></testsuites>