<?xml version="1.0" encoding="utf-8"?><testsuites name="pytest tests"><testsuite name="pytest" errors="0" failures="0" skipped="0" tests="9" time="2.972" timestamp="2026-06-27T18:41:22.135895+00:00" hostname="agent-env-1f7e3c68-c111-4966-843b-b714a30a07ff"><testcase classname="backend.tests.test_recharge_idempotency" name="test_duplicate_utr_returns_409" time="0.789" /><testcase classname="backend.tests.test_recharge_idempotency" name="test_rejected_does_not_block" time="0.878" /><testcase classname="backend.tests.test_recharge_idempotency" name="test_approved_blocks_resubmission" time="0.306" /><testcase classname="backend.tests.test_recharge_idempotency" name="test_race_condition_safety_net" time="0.325" /><testcase classname="backend.tests.test_recharge_idempotency" name="test_regression_amount_too_high" time="0.095" /><testcase classname="backend.tests.test_recharge_idempotency" name="test_regression_amount_zero" time="0.108" /><testcase classname="backend.tests.test_recharge_idempotency" name="test_regression_utr_len_11" time="0.101" /><testcase classname="backend.tests.test_recharge_idempotency" name="test_regression_utr_non_digit" time="0.137" /><testcase classname="backend.tests.test_recharge_idempotency" name="test_regression_last4_invalid" time="0.133" /></testsuite></testsuites>