<?xml version="1.0" encoding="utf-8"?><testsuites name="pytest tests"><testsuite name="pytest" errors="0" failures="0" skipped="0" tests="5" time="6.737" timestamp="2026-06-06T11:27:48.776957+00:00" hostname="agent-env-1f7e3c68-c111-4966-843b-b714a30a07ff"><testcase classname="backend.tests.test_reset_demo_data.TestValidationAndGate" name="test_missing_confirm_returns_422" time="0.515" /><testcase classname="backend.tests.test_reset_demo_data.TestValidationAndGate" name="test_lowercase_confirm_returns_400" time="0.109" /><testcase classname="backend.tests.test_reset_demo_data.TestValidationAndGate" name="test_non_super_admin_returns_403" time="0.699" /><testcase classname="backend.tests.test_reset_demo_data.TestValidationAndGate" name="test_unauthenticated_returns_401" time="0.108" /><testcase classname="backend.tests.test_reset_demo_data.TestResetFlow" name="test_seed_then_reset_then_verify" time="5.165" /></testsuite></testsuites>