<?xml version="1.0" encoding="utf-8"?><testsuites name="pytest tests"><testsuite name="pytest" errors="0" failures="0" skipped="0" tests="14" time="3.763" timestamp="2026-07-04T17:07:34.600285+00:00" hostname="agent-env-1f7e3c68-c111-4966-843b-b714a30a07ff"><testcase classname="backend.tests.test_total_distributor_earnings.TestShape" name="test_field_present_and_numeric" time="0.636" /><testcase classname="backend.tests.test_total_distributor_earnings.TestShape" name="test_field_non_negative_on_healthy_db" time="0.139" /><testcase classname="backend.tests.test_total_distributor_earnings.TestSingleSourceOfTruth" name="test_matches_sum_of_admin_users_earnings" time="0.249" /><testcase classname="backend.tests.test_total_distributor_earnings.TestSingleSourceOfTruth" name="test_matches_direct_mongo_computation" time="0.173" /><testcase classname="backend.tests.test_total_distributor_earnings.TestDateFilterInvariant" name="test_same_value_across_all_ranges" time="0.742" /><testcase classname="backend.tests.test_total_distributor_earnings.TestDateFilterInvariant" name="test_custom_far_past_range_still_returns_lifetime" time="0.228" /><testcase classname="backend.tests.test_total_distributor_earnings.TestDateFilterInvariant" name="test_custom_far_future_range_still_returns_lifetime" time="0.208" /><testcase classname="backend.tests.test_total_distributor_earnings.TestFrozenAndRejectedIncluded" name="test_frozen_distributor_earnings_still_counted" time="0.242" /><testcase classname="backend.tests.test_total_distributor_earnings.TestFrozenAndRejectedIncluded" name="test_rejected_kyc_distributor_earnings_still_counted" time="0.241" /><testcase classname="backend.tests.test_total_distributor_earnings.TestApprovedWithdrawalReducesEarnings" name="test_approved_distributor_withdrawal_subtracts" time="0.213" /><testcase classname="backend.tests.test_total_distributor_earnings.TestExistingFieldsUntouched" name="test_all_existing_fields_present" time="0.099" /><testcase classname="backend.tests.test_total_distributor_earnings.TestExistingFieldsUntouched" name="test_iteration_17_withdrawal_math_still_holds" time="0.140" /><testcase classname="backend.tests.test_total_distributor_earnings.TestExistingFieldsUntouched" name="test_total_wallet_still_ignores_range" time="0.217" /><testcase classname="backend.tests.test_total_distributor_earnings.TestAuth" name="test_no_auth_rejected" time="0.097" /></testsuite></testsuites>