<?xml version="1.0" encoding="utf-8"?><testsuites name="pytest tests"><testsuite name="pytest" errors="0" failures="0" skipped="0" tests="12" time="2.999" timestamp="2026-07-04T16:46:02.156361+00:00" hostname="agent-env-1f7e3c68-c111-4966-843b-b714a30a07ff"><testcase classname="backend.tests.test_withdrawals_financial_stats.TestShapeAndIntegrity" name="test_lifetime_response_has_new_fields" time="0.561" /><testcase classname="backend.tests.test_withdrawals_financial_stats.TestShapeAndIntegrity" name="test_math_integrity_lifetime" time="0.169" /><testcase classname="backend.tests.test_withdrawals_financial_stats.TestShapeAndIntegrity" name="test_math_integrity_today" time="0.101" /><testcase classname="backend.tests.test_withdrawals_financial_stats.TestApprovalDateFilter" name="test_reviewed_at_drives_range_filter" time="0.676" /><testcase classname="backend.tests.test_withdrawals_financial_stats.TestRoleBreakdown" name="test_agent_and_distributor_sums_isolated" time="0.264" /><testcase classname="backend.tests.test_withdrawals_financial_stats.TestOnlyApprovedCounted" name="test_pending_and_rejected_not_in_totals" time="0.253" /><testcase classname="backend.tests.test_withdrawals_financial_stats.TestCustomRange" name="test_custom_from_to_narrows_by_reviewed_at" time="0.258" /><testcase classname="backend.tests.test_withdrawals_financial_stats.TestEmptyRange" name="test_future_range_returns_zeros" time="0.095" /><testcase classname="backend.tests.test_withdrawals_financial_stats.TestAuthGuard" name="test_no_token_rejected" time="0.095" /><testcase classname="backend.tests.test_withdrawals_financial_stats.TestExistingFieldsUntouched" name="test_existing_fields_still_present" time="0.096" /><testcase classname="backend.tests.test_withdrawals_financial_stats.TestExistingFieldsUntouched" name="test_total_wallet_ignores_range" time="0.192" /><testcase classname="backend.tests.test_withdrawals_financial_stats.TestLegacyBankRegression" name="test_withdrawal_without_bank_still_blocked" time="0.096" /></testsuite></testsuites>